TN:
SF:src\modules\Order\services\CreaterOrderService.ts
FN:14,(anonymous_8)
FN:14,(anonymous_9)
FNF:2
FNH:2
FNDA:6,(anonymous_8)
FNDA:6,(anonymous_9)
DA:1,1
DA:2,1
DA:3,1
DA:4,1
DA:5,1
DA:13,1
DA:14,6
DA:16,6
DA:20,6
DA:21,1
DA:26,5
DA:30,5
DA:31,1
DA:35,4
DA:39,4
DA:40,1
DA:43,3
DA:44,3
DA:46,3
DA:47,3
DA:48,3
DA:50,3
DA:51,2
DA:52,2
DA:53,1
DA:55,1
DA:56,1
DA:58,2
DA:59,1
DA:65,1
DA:77,1
LF:31
LH:31
BRDA:20,0,0,1
BRDA:30,1,0,1
BRDA:39,2,0,1
BRDA:46,3,0,3
BRDA:50,4,0,2
BRDA:50,5,0,3
BRDA:50,5,1,3
BRDA:52,6,0,1
BRDA:58,7,0,1
BRF:9
BRH:9
end_of_record
TN:
SF:src\modules\User\services\CreateSessionService.ts
FN:18,(anonymous_8)
FN:18,(anonymous_9)
FNF:2
FNH:2
FNDA:3,(anonymous_8)
FNDA:3,(anonymous_9)
DA:1,1
DA:2,1
DA:3,1
DA:4,1
DA:5,1
DA:17,1
DA:18,3
DA:19,3
DA:20,3
DA:21,1
DA:27,2
DA:29,2
DA:30,1
DA:35,1
DA:39,1
DA:45,1
LF:16
LH:16
BRDA:20,0,0,1
BRDA:29,1,0,1
BRF:2
BRH:2
end_of_record
TN:
SF:src\modules\User\services\CreateUserService.ts
FN:12,(anonymous_8)
FN:12,(anonymous_9)
FNF:2
FNH:2
FNDA:2,(anonymous_8)
FNDA:2,(anonymous_9)
DA:1,1
DA:2,1
DA:3,1
DA:11,1
DA:12,2
DA:13,2
DA:14,2
DA:15,1
DA:20,1
DA:22,1
DA:28,1
DA:30,1
LF:12
LH:12
BRDA:14,0,0,1
BRF:1
BRH:1
end_of_record
TN:
SF:src\modules\User\services\DeleteUserService.ts
FN:5,(anonymous_8)
FNF:1
FNH:1
FNDA:2,(anonymous_8)
DA:1,1
DA:2,1
DA:4,1
DA:6,2
DA:7,2
DA:8,1
DA:11,1
DA:13,1
LF:8
LH:8
BRDA:7,0,0,1
BRF:1
BRH:1
end_of_record
TN:
SF:src\modules\User\services\ListUserService.ts
FN:33,(anonymous_8)
FN:34,(anonymous_9)
FNF:2
FNH:2
FNDA:3,(anonymous_8)
FNDA:3,(anonymous_9)
DA:1,1
DA:2,1
DA:3,1
DA:32,1
DA:34,3
DA:38,3
DA:39,3
DA:40,2
DA:42,3
DA:43,2
DA:46,3
DA:51,3
DA:52,1
DA:55,2
DA:57,2
DA:73,2
LF:16
LH:16
BRDA:39,0,0,2
BRDA:42,1,0,2
BRDA:51,2,0,1
BRF:3
BRH:3
end_of_record
TN:
SF:src\modules\User\services\ShowUserService.ts
FN:5,(anonymous_8)
FNF:1
FNH:1
FNDA:2,(anonymous_8)
DA:1,1
DA:2,1
DA:4,1
DA:6,2
DA:12,2
DA:13,1
DA:16,1
LF:7
LH:7
BRDA:12,0,0,1
BRF:1
BRH:1
end_of_record
TN:
SF:src\modules\User\services\UpdateUserService.ts
FN:11,(anonymous_8)
FN:12,(anonymous_9)
FNF:2
FNH:2
FNDA:3,(anonymous_8)
FNDA:3,(anonymous_9)
DA:1,1
DA:2,1
DA:10,1
DA:12,3
DA:15,3
DA:16,3
DA:17,1
DA:19,2
DA:20,2
DA:21,2
DA:22,1
DA:29,1
DA:30,1
DA:31,1
DA:33,1
DA:34,1
DA:36,1
DA:37,1
DA:39,1
DA:40,1
LF:20
LH:20
BRDA:16,0,0,1
BRDA:19,1,0,2
BRDA:21,2,0,1
BRDA:21,3,0,2
BRDA:21,3,1,1
BRDA:30,4,0,1
BRDA:33,5,0,1
BRDA:36,6,0,1
BRF:8
BRH:8
end_of_record
TN:
SF:src\modules\car\routes\carRoute.ts
FNF:0
FNH:0
DA:3,1
DA:4,1
DA:5,1
DA:7,1
DA:9,1
DA:10,1
DA:11,1
DA:12,1
DA:13,1
DA:15,1
LF:10
LH:10
BRF:0
BRH:0
end_of_record
TN:
SF:src\modules\car\services\createCarService.ts
FN:16,createCar
FNF:1
FNH:1
FNDA:2,createCar
DA:1,1
DA:2,1
DA:3,1
DA:16,1
DA:17,2
DA:19,2
DA:20,0
DA:22,2
DA:23,0
DA:25,2
DA:26,0
DA:31,2
DA:34,2
DA:35,0
DA:38,2
DA:51,1
LF:16
LH:12
BRDA:19,0,0,0
BRDA:19,1,0,2
BRDA:19,1,1,2
BRDA:19,1,2,2
BRDA:19,1,3,2
BRDA:19,1,4,2
BRDA:19,1,5,2
BRDA:19,1,6,2
BRDA:22,2,0,0
BRDA:22,3,0,2
BRDA:22,3,1,2
BRDA:25,4,0,0
BRDA:34,5,0,0
BRF:13
BRH:9
end_of_record
TN:
SF:src\modules\car\services\deleteCarService.ts
FN:4,deleteCar
FNF:1
FNH:1
FNDA:2,deleteCar
DA:1,1
DA:2,1
DA:4,1
DA:5,2
DA:6,2
DA:8,1
DA:9,1
LF:7
LH:7
BRDA:6,0,0,1
BRF:1
BRH:1
end_of_record
TN:
SF:src\modules\car\services\listCarService.ts
FN:3,getAllCars
FNF:1
FNH:1
FNDA:2,getAllCars
DA:1,1
DA:3,1
DA:4,2
DA:5,2
LF:4
LH:4
BRF:0
BRH:0
end_of_record
TN:
SF:src\modules\car\services\showCarService.ts
FN:4,getCarById
FNF:1
FNH:1
FNDA:2,getCarById
DA:1,1
DA:2,1
DA:4,1
DA:5,2
DA:6,2
DA:7,1
LF:6
LH:6
BRDA:6,0,0,1
BRF:1
BRH:1
end_of_record
TN:
SF:src\modules\car\services\updateCarService.ts
FN:16,(anonymous_8)
FN:17,(anonymous_9)
FNF:2
FNH:2
FNDA:8,(anonymous_8)
FNDA:8,(anonymous_9)
DA:1,1
DA:2,1
DA:15,1
DA:17,8
DA:29,8
DA:30,8
DA:31,1
DA:34,7
DA:35,1
DA:38,6
DA:39,1
DA:45,5
DA:46,3
DA:47,2
DA:54,3
DA:55,1
DA:61,2
DA:62,2
DA:65,2
DA:66,1
DA:73,1
DA:74,1
DA:75,1
DA:76,1
DA:77,1
DA:78,1
DA:79,1
DA:80,1
DA:81,1
DA:83,1
LF:30
LH:30
BRDA:30,0,0,1
BRDA:34,1,0,1
BRDA:38,2,0,1
BRDA:38,3,0,6
BRDA:38,3,1,2
BRDA:38,3,2,1
BRDA:45,4,0,3
BRDA:46,5,0,2
BRDA:46,6,0,3
BRDA:46,6,1,2
BRDA:54,7,0,1
BRDA:54,8,0,3
BRDA:54,8,1,2
BRDA:61,9,0,2
BRDA:65,10,0,1
BRDA:65,11,0,2
BRDA:65,11,1,2
BRDA:74,12,0,1
BRDA:75,13,0,1
BRDA:76,14,0,1
BRDA:77,15,0,1
BRDA:78,16,0,1
BRDA:79,17,0,1
BRDA:80,18,0,1
BRDA:81,19,0,1
BRF:25
BRH:25
end_of_record
TN:
SF:src\modules\customer\services\CustomerServices.ts
FN:50,(anonymous_9)
FN:81,(anonymous_11)
FN:94,(anonymous_13)
FN:136,(anonymous_15)
FN:153,(anonymous_17)
FNF:5
FNH:5
FNDA:3,(anonymous_9)
FNDA:2,(anonymous_11)
FNDA:2,(anonymous_13)
FNDA:2,(anonymous_15)
FNDA:2,(anonymous_17)
DA:1,5
DA:2,5
DA:3,5
DA:4,5
DA:52,3
DA:54,3
DA:55,1
DA:59,2
DA:66,2
DA:67,1
DA:71,1
DA:77,1
DA:82,2
DA:86,2
DA:87,1
DA:90,1
DA:95,2
DA:97,2
DA:98,2
DA:99,0
DA:101,2
DA:102,0
DA:104,2
DA:105,0
DA:108,2
DA:115,2
DA:116,2
DA:125,2
DA:126,1
DA:129,1
DA:140,2
DA:144,2
DA:145,1
DA:148,1
DA:149,1
DA:154,2
DA:158,2
DA:159,1
DA:162,1
DA:163,1
DA:167,5
LF:41
LH:38
BRDA:54,0,0,1
BRDA:54,1,0,3
BRDA:54,1,1,2
BRDA:54,1,2,2
BRDA:54,1,3,2
BRDA:54,1,4,2
BRDA:66,2,0,1
BRDA:86,3,0,1
BRDA:95,4,0,0
BRDA:95,5,0,0
BRDA:98,6,0,0
BRDA:101,7,0,0
BRDA:104,8,0,0
BRDA:125,9,0,1
BRDA:144,10,0,1
BRDA:158,11,0,1
BRF:16
BRH:11
end_of_record
TN:
SF:src\shared\http\errors\AppError.ts
FN:3,(anonymous_0)
FNF:1
FNH:1
FNDA:28,(anonymous_0)
DA:1,16
DA:4,28
DA:5,28
LF:3
LH:3
BRDA:3,0,0,7
BRF:1
BRH:1
end_of_record
